#
# There is insufficient memory for the Java Runtime Environment to continue.
# Native memory allocation (malloc) failed to allocate 579536 bytes for Chunk::new
# Possible reasons:
#   The system is out of physical RAM or swap space
#   The process is running with CompressedOops enabled, and the Java Heap may be blocking the growth of the native heap
# Possible solutions:
#   Reduce memory load on the system
#   Increase physical memory or swap space
#   Check if swap backing store is full
#   Decrease Java heap size (-Xmx/-Xms)
#   Decrease number of Java threads
#   Decrease Java thread stack sizes (-Xss)
#   Set larger code cache with -XX:ReservedCodeCacheSize=
#   JVM is running with Zero Based Compressed Oops mode in which the Java heap is
#     placed in the first 32GB address space. The Java Heap base address is the
#     maximum limit for the native heap growth. Please use -XX:HeapBaseMinAddress
#     to set the Java Heap base and to place the Java Heap above 32GB virtual address.
# This output file may be truncated or incomplete.
#
#  Out of Memory Error (allocation.cpp:389), pid=10560, tid=0x0000000000002f78
#
# JRE version: Java(TM) SE Runtime Environment (8.0_241-b07) (build 1.8.0_241-b07)
# Java VM: Java HotSpot(TM) 64-Bit Server VM (25.241-b07 mixed mode windows-amd64 compressed oops)
# Failed to write core dump. Minidumps are not enabled by default on client versions of Windows
#

---------------  T H R E A D  ---------------

Current thread (0x0000000019aa8000):  JavaThread "C2 CompilerThread0" daemon [_thread_in_native, id=12152, stack(0x000000001b100000,0x000000001b200000)]

Stack: [0x000000001b100000,0x000000001b200000]
[error occurred during error reporting (printing stack bounds), id 0xc0000005]

Native frames: (J=compiled Java code, j=interpreted, Vv=VM code, C=native code)


Current CompileTask:
C2:   1133  482       4       java.io.WinNTFileSystem::normalize (143 bytes)


---------------  P R O C E S S  ---------------

Java Threads: ( => current thread )
  0x000000001b225000 JavaThread "Service Thread" daemon [_thread_blocked, id=10412, stack(0x000000001b800000,0x000000001b900000)]
  0x0000000019afe000 JavaThread "C1 CompilerThread2" daemon [_thread_blocked, id=1456, stack(0x000000001b700000,0x000000001b800000)]
  0x0000000019afd000 JavaThread "C2 CompilerThread1" daemon [_thread_blocked, id=8344, stack(0x000000001b600000,0x000000001b700000)]
=>0x0000000019aa8000 JavaThread "C2 CompilerThread0" daemon [_thread_in_native, id=12152, stack(0x000000001b100000,0x000000001b200000)]
  0x0000000019aa4800 JavaThread "Attach Listener" daemon [_thread_blocked, id=6772, stack(0x000000001b000000,0x000000001b100000)]
  0x0000000019aa3800 JavaThread "Signal Dispatcher" daemon [_thread_blocked, id=6020, stack(0x000000001af00000,0x000000001b000000)]
  0x0000000019a8f000 JavaThread "Finalizer" daemon [_thread_blocked, id=13524, stack(0x000000001ad00000,0x000000001ae00000)]
  0x0000000002ab7000 JavaThread "Reference Handler" daemon [_thread_blocked, id=6496, stack(0x000000001ac00000,0x000000001ad00000)]
  0x00000000029c7000 JavaThread "main" [_thread_in_Java, id=1732, stack(0x00000000028c0000,0x00000000029c0000)]

Other Threads:
  0x0000000019a67800 VMThread [stack: 0x000000001ab00000,0x000000001ac00000] [id=8880]
  0x000000001b27b800 WatcherThread [stack: 0x000000001b900000,0x000000001ba00000] [id=7604]

VM state:not at safepoint (normal execution)

VM Mutex/Monitor currently owned by a thread: None

heap address: 0x0000000702c00000, size: 3028 MB, Compressed Oops mode: Zero based, Oop shift amount: 3
Narrow klass base: 0x0000000000000000, Narrow klass shift: 3
Compressed class space size: 1073741824 Address: 0x00000007c0000000

Heap:
 PSYoungGen      total 56832K, used 17849K [0x0000000780f00000, 0x0000000784e00000, 0x00000007c0000000)
  eden space 49152K, 36% used [0x0000000780f00000,0x000000078206e568,0x0000000783f00000)
  from space 7680K, 0% used [0x0000000784680000,0x0000000784680000,0x0000000784e00000)
  to   space 7680K, 0% used [0x0000000783f00000,0x0000000783f00000,0x0000000784680000)
 ParOldGen       total 130048K, used 0K [0x0000000702c00000, 0x000000070ab00000, 0x0000000780f00000)
  object space 130048K, 0% used [0x0000000702c00000,0x0000000702c00000,0x000000070ab00000)
 Metaspace       used 5883K, capacity 6092K, committed 6144K, reserved 1056768K
  class space    used 666K, capacity 762K, committed 768K, reserved 1048576K

Card table byte_map: [0x0000000011e80000,0x0000000012470000] byte_map_base: 0x000000000e66a000

Marking Bits: (ParMarkBitMap*) 0x00000000524ebe30
 Begin Bits: [0x0000000012c70000, 0x0000000015bc0000)
 End Bits:   [0x0000000015bc0000, 0x0000000018b10000)

Polling page: 0x0000000000ec0000

CodeCache: size=245760Kb used=2335Kb max_used=2335Kb free=243424Kb
 bounds [0x0000000002ac0000, 0x0000000002d30000, 0x0000000011ac0000]
 total_blobs=790 nmethods=500 adapters=201
 compilation: enabled

Compilation events (10 events):
Event: 1.065 Thread 0x0000000019afd000 nmethod 485 0x0000000002cfd250 code [0x0000000002cfd420, 0x0000000002cfdaa0]
Event: 1.065 Thread 0x0000000019afd000  484       4       java.util.jar.JarFile::getJarEntry (9 bytes)
Event: 1.066 Thread 0x0000000019afd000 nmethod 484 0x0000000002cecf90 code [0x0000000002ced0e0, 0x0000000002ced1a8]
Event: 1.073 Thread 0x0000000019afe000  492 %     3       java.util.Properties$LineReader::readLine @ 21 (468 bytes)
Event: 1.076 Thread 0x0000000019afe000 nmethod 492% 0x0000000002cfe1d0 code [0x0000000002cfe480, 0x0000000002cfffe8]
Event: 1.121 Thread 0x0000000019afd000  493       4       java.lang.CharacterDataLatin1::toUpperCaseEx (71 bytes)
Event: 1.121 Thread 0x0000000019afe000  494       3       java.util.Properties$LineReader::readLine (468 bytes)
Event: 1.122 Thread 0x0000000019afd000 nmethod 493 0x0000000002cf9150 code [0x0000000002cf9280, 0x0000000002cf9358]
Event: 1.124 Thread 0x0000000019afe000 nmethod 494 0x0000000002d00b10 code [0x0000000002d00dc0, 0x0000000002d027a8]
Event: 1.124 Thread 0x0000000019afe000  496       3       java.util.jar.JarFile::maybeInstantiateVerifier (96 bytes)

GC Heap History (0 events):
No events

Deoptimization events (1 events):
Event: 0.302 Thread 0x00000000029c7000 Uncommon trap: reason=unstable_if action=reinterpret pc=0x0000000002bc44f4 method=java.lang.String.hashCode()I @ 14

Classes redefined (0 events):
No events

Internal exceptions (10 events):
Event: 0.046 Thread 0x00000000029c7000 Exception <a 'java/lang/NoSuchMethodError': Method sun.misc.Unsafe.defineClass(Ljava/lang/String;[BII)Ljava/lang/Class; name or signature does not match> (0x0000000780f07cc0) thrown at [C:\ade\jenkins\workspace\8-2-build-windows-amd64-cygwin\jdk8u241\331\
Event: 0.046 Thread 0x00000000029c7000 Exception <a 'java/lang/NoSuchMethodError': Method sun.misc.Unsafe.prefetchRead(Ljava/lang/Object;J)V name or signature does not match> (0x0000000780f07fa8) thrown at [C:\ade\jenkins\workspace\8-2-build-windows-amd64-cygwin\jdk8u241\331\hotspot\src\share\
Event: 0.546 Thread 0x00000000029c7000 Exception <a 'java/security/PrivilegedActionException'> (0x00000007816c4be8) thrown at [C:\ade\jenkins\workspace\8-2-build-windows-amd64-cygwin\jdk8u241\331\hotspot\src\share\vm\prims\jvm.cpp, line 1502]
Event: 0.546 Thread 0x00000000029c7000 Exception <a 'java/security/PrivilegedActionException'> (0x00000007816c4df8) thrown at [C:\ade\jenkins\workspace\8-2-build-windows-amd64-cygwin\jdk8u241\331\hotspot\src\share\vm\prims\jvm.cpp, line 1502]
Event: 0.547 Thread 0x00000000029c7000 Exception <a 'java/security/PrivilegedActionException'> (0x00000007816c8a68) thrown at [C:\ade\jenkins\workspace\8-2-build-windows-amd64-cygwin\jdk8u241\331\hotspot\src\share\vm\prims\jvm.cpp, line 1502]
Event: 0.547 Thread 0x00000000029c7000 Exception <a 'java/security/PrivilegedActionException'> (0x00000007816c8c78) thrown at [C:\ade\jenkins\workspace\8-2-build-windows-amd64-cygwin\jdk8u241\331\hotspot\src\share\vm\prims\jvm.cpp, line 1502]
Event: 0.667 Thread 0x00000000029c7000 Exception <a 'java/io/FileNotFoundException'> (0x0000000781817a68) thrown at [C:\ade\jenkins\workspace\8-2-build-windows-amd64-cygwin\jdk8u241\331\hotspot\src\share\vm\prims\jni.cpp, line 710]
Event: 0.874 Thread 0x00000000029c7000 Exception <a 'java/lang/NoSuchMethodError': java.lang.Object.lambda$static$0(Lorg/springframework/boot/WebApplicationType;)Lorg/springframework/context/ConfigurableApplicationContext;> (0x0000000781a5ed38) thrown at [C:\ade\jenkins\workspace\8-2-build-win
Event: 0.900 Thread 0x00000000029c7000 Exception <a 'java/lang/NoSuchFieldError': method resolution failed> (0x0000000781ad6a18) thrown at [C:\ade\jenkins\workspace\8-2-build-windows-amd64-cygwin\jdk8u241\331\hotspot\src\share\vm\prims\methodHandles.cpp, line 1167]
Event: 0.906 Thread 0x00000000029c7000 Exception <a 'java/lang/NoSuchFieldError': method resolution failed> (0x0000000781ae3d38) thrown at [C:\ade\jenkins\workspace\8-2-build-windows-amd64-cygwin\jdk8u241\331\hotspot\src\share\vm\prims\methodHandles.cpp, line 1167]

Events (10 events):
Event: 1.009 loading class org/springframework/util/StringUtils
Event: 1.009 loading class org/springframework/util/StringUtils done
Event: 1.013 loading class org/springframework/util/CollectionUtils
Event: 1.013 loading class org/springframework/util/CollectionUtils done
Event: 1.014 loading class org/springframework/util/MultiValueMap
Event: 1.014 loading class org/springframework/util/MultiValueMap done
Event: 1.123 loading class java/util/jar/JarFile$JarEntryIterator
Event: 1.123 loading class java/util/jar/JarFile$JarEntryIterator done
Event: 1.123 loading class java/util/zip/ZipFile$ZipEntryIterator
Event: 1.123 loading class java/util/zip/ZipFile$ZipEntryIterator done


Dynamic libraries:
0x00007ff6599b0000 - 0x00007ff6599e7000 	C:\Program Files\Java\jre1.8.0_241\bin\javaw.exe
0x00007ff99bcf0000 - 0x00007ff99bee5000 	C:\WINDOWS\SYSTEM32\ntdll.dll
0x00007ff999fd0000 - 0x00007ff99a08d000 	C:\WINDOWS\System32\KERNEL32.DLL
0x00007ff999430000 - 0x00007ff9996f9000 	C:\WINDOWS\System32\KERNELBASE.dll
0x00007ff999f20000 - 0x00007ff999fcc000 	C:\WINDOWS\System32\ADVAPI32.dll
0x00007ff99b3a0000 - 0x00007ff99b43e000 	C:\WINDOWS\System32\msvcrt.dll
0x00007ff99a260000 - 0x00007ff99a2fb000 	C:\WINDOWS\System32\sechost.dll
0x00007ff99ae90000 - 0x00007ff99afba000 	C:\WINDOWS\System32\RPCRT4.dll
0x00007ff99a700000 - 0x00007ff99a8a0000 	C:\WINDOWS\System32\USER32.dll
0x00007ff999700000 - 0x00007ff999722000 	C:\WINDOWS\System32\win32u.dll
0x00007ff99a300000 - 0x00007ff99a32a000 	C:\WINDOWS\System32\GDI32.dll
0x00007ff999830000 - 0x00007ff99993b000 	C:\WINDOWS\System32\gdi32full.dll
0x00007ff9999d0000 - 0x00007ff999a6d000 	C:\WINDOWS\System32\msvcp_win.dll
0x00007ff999730000 - 0x00007ff999830000 	C:\WINDOWS\System32\ucrtbase.dll
0x00007ff990580000 - 0x00007ff99081a000 	C:\WINDOWS\WinSxS\amd64_microsoft.windows.common-controls_6595b64144ccf1df_6.0.19041.1110_none_60b5254171f9507e\COMCTL32.dll
0x00007ff99a510000 - 0x00007ff99a540000 	C:\WINDOWS\System32\IMM32.DLL
0x0000000051a20000 - 0x0000000051af2000 	C:\Program Files\Java\jre1.8.0_241\bin\msvcr100.dll
0x0000000051cc0000 - 0x000000005256c000 	C:\Program Files\Java\jre1.8.0_241\bin\server\jvm.dll
0x00007ff99afc0000 - 0x00007ff99afc8000 	C:\WINDOWS\System32\PSAPI.DLL
0x00007ff992e20000 - 0x00007ff992e2a000 	C:\WINDOWS\SYSTEM32\VERSION.dll
0x00007ff990940000 - 0x00007ff990967000 	C:\WINDOWS\SYSTEM32\WINMM.dll
0x00007ff98d3d0000 - 0x00007ff98d3d9000 	C:\WINDOWS\SYSTEM32\WSOCK32.dll
0x00007ff99b330000 - 0x00007ff99b39b000 	C:\WINDOWS\System32\WS2_32.dll
0x00007ff992b80000 - 0x00007ff992b8f000 	C:\Program Files\Java\jre1.8.0_241\bin\verify.dll
0x00007ff98f7d0000 - 0x00007ff98f7f9000 	C:\Program Files\Java\jre1.8.0_241\bin\java.dll
0x00007ff98f7b0000 - 0x00007ff98f7c6000 	C:\Program Files\Java\jre1.8.0_241\bin\zip.dll
0x00007ff99b570000 - 0x00007ff99bcaf000 	C:\WINDOWS\System32\SHELL32.dll
0x00007ff995ff0000 - 0x00007ff996781000 	C:\WINDOWS\SYSTEM32\windows.storage.dll
0x00007ff99afd0000 - 0x00007ff99b325000 	C:\WINDOWS\System32\combase.dll
0x00007ff998cf0000 - 0x00007ff998d1c000 	C:\WINDOWS\SYSTEM32\Wldp.dll
0x00007ff999e10000 - 0x00007ff999ebe000 	C:\WINDOWS\System32\SHCORE.dll
0x00007ff999ec0000 - 0x00007ff999f15000 	C:\WINDOWS\System32\shlwapi.dll
0x00007ff999370000 - 0x00007ff99938f000 	C:\WINDOWS\SYSTEM32\profapi.dll

VM Arguments:
jvm_args: -Dfile.encoding=UTF-8 
java_command: com.simha.microservices.namingserver.NamingServerApplication
java_class_path (initial): C:\Program Files\Java\jre1.8.0_241\lib\resources.jar;C:\Program Files\Java\jre1.8.0_241\lib\rt.jar;C:\Program Files\Java\jre1.8.0_241\lib\jsse.jar;C:\Program Files\Java\jre1.8.0_241\lib\jce.jar;C:\Program Files\Java\jre1.8.0_241\lib\charsets.jar;C:\Program Files\Java\jre1.8.0_241\lib\jfr.jar;C:\Program Files\Java\jre1.8.0_241\lib\ext\access-bridge-64.jar;C:\Program Files\Java\jre1.8.0_241\lib\ext\cldrdata.jar;C:\Program Files\Java\jre1.8.0_241\lib\ext\dnsns.jar;C:\Program Files\Java\jre1.8.0_241\lib\ext\jaccess.jar;C:\Program Files\Java\jre1.8.0_241\lib\ext\jfxrt.jar;C:\Program Files\Java\jre1.8.0_241\lib\ext\localedata.jar;C:\Program Files\Java\jre1.8.0_241\lib\ext\nashorn.jar;C:\Program Files\Java\jre1.8.0_241\lib\ext\sunec.jar;C:\Program Files\Java\jre1.8.0_241\lib\ext\sunjce_provider.jar;C:\Program Files\Java\jre1.8.0_241\lib\ext\sunmscapi.jar;C:\Program Files\Java\jre1.8.0_241\lib\ext\sunpkcs11.jar;C:\Program Files\Java\jre1.8.0_241\lib\ext\zipfs.jar;C:\Users\Simhachalam\Documents\microservices\naming-server\target\classes;C:\Users\Simhachalam\.m2\repository\org\springframework\boot\spring-boot-starter-actuator\2.5.3\spring-boot-starter-actuator-2.5.3.jar;C:\Users\Simhachalam\.m2\repository\org\springframework\boot\spring-boot-starter\2.5.3\spring-boot-starter-2.5.3.jar;C:\Users\Simhachalam\.m2\repository\org\springframework\boot\spring-boot-starter-logging\2.5.3\spring-boot-starter-logging-2.5.3.jar;C:\Users\Simhachalam\.m2\repository\ch\qos\logback\logback-classic\1.2.4\logback-classic-1.2.4.jar;C:\Users\Simhachalam\.m2\repository\ch\qos\logback\logback-core\1.2.4\logback-core-1.2.4.jar;C:\Users\Simhachalam\.m2\repository\org\apache\logging\log4j\log4j-to-slf4j\2.14.1\log4j-to-slf4j-2.14.1.jar;C:\Users\Simhachalam\.m2\repository\org\apache\logging\log4j\log4j-api\2.14.1\log4j-api-2.14.1.jar;C:\Users\Simhachalam\.m2\repository\org\slf4j\jul-to-slf4j\1.7.32\jul-to-slf4j-1.7.32.jar;C:\Users\Simhachalam\.m2\repository\jakarta\annotati
Launcher Type: SUN_STANDARD

Environment Variables:
JAVA_HOME=C:\Program Files\Java\jdk1.8.0_241\
PATH=C:/Program Files/Java/jre1.8.0_241/bin/server;C:/Program Files/Java/jre1.8.0_241/bin;C:/Program Files/Java/jre1.8.0_241/lib/amd64;C:\app\Simhachalam\product\18.0.0\dbhomeXE\bin;C:\Program Files (x86)\Common Files\Oracle\Java\javapath;C:\WINDOWS\system32;C:\WINDOWS;C:\WINDOWS\System32\Wbem;C:\WINDOWS\System32\WindowsPowerShell\v1.0\;C:\WINDOWS\System32\OpenSSH\;C:\Program Files\nodejs\;C:\Program Files\Docker\Docker\resources\bin;C:\ProgramData\DockerDesktop\version-bin;C:\Program Files\MySQL\MySQL Shell 8.0\bin\;C:\Users\Simhachalam\Documents\Python_390\Scripts\;C:\Users\Simhachalam\Documents\Python_390\;C:\Program Files\Java\jdk1.8.0_241\bin;C:\Users\Simhachalam\AppData\Local\Programs\Microsoft VS Code\bin;C:\Program Files\Salesforce CLI\bin;C:\Users\Simhachalam\Documents\Software\apache-maven-3.8.1-bin\apache-maven-3.8.1\bin;;C:\Users\Simhachalam\AppData\Local\Microsoft\WindowsApps;C:\Users\Simhachalam\AppData\Roaming\npm;C:\Users\Simhachalam\Downloads\eclipse-java-oxygen-3a-win32-x86_64\eclipse;
USERNAME=Simhachalam
OS=Windows_NT
PROCESSOR_IDENTIFIER=Intel64 Family 6 Model 78 Stepping 3, GenuineIntel



---------------  S Y S T E M  ---------------

OS: Windows 10.0 , 64 bit Build 19041 (10.0.19041.1023)

CPU:total 4 (initial active 4) (2 cores per cpu, 2 threads per core) family 6 model 78 stepping 3, cmov, cx8, fxsr, mmx, sse, sse2, sse3, ssse3, sse4.1, sse4.2, popcnt, avx, avx2, aes, clmul, erms, 3dnowpref, lzcnt, ht, tsc, tscinvbit, bmi1, bmi2, adx

Memory: 4k page, physical 12396924k(1129168k free), swap 16591228k(3156k free)

vm_info: Java HotSpot(TM) 64-Bit Server VM (25.241-b07) for windows-amd64 JRE (1.8.0_241-b07), built on Dec 11 2019 10:21:40 by "rejava" with MS VC++ 10.0 (VS2010)

time: Mon Aug 09 22:29:27 2021
timezone: India Standard Time
elapsed time: 1 seconds (0d 0h 0m 1s)

