#
# There is insufficient memory for the Java Runtime Environment to continue.
# Native memory allocation (malloc) failed to allocate 32744 bytes for ChunkPool::allocate
# Possible reasons:
#   The system is out of physical RAM or swap space
#   The process is running with CompressedOops enabled, and the Java Heap may be blocking the growth of the native heap
# Possible solutions:
#   Reduce memory load on the system
#   Increase physical memory or swap space
#   Check if swap backing store is full
#   Decrease Java heap size (-Xmx/-Xms)
#   Decrease number of Java threads
#   Decrease Java thread stack sizes (-Xss)
#   Set larger code cache with -XX:ReservedCodeCacheSize=
#   JVM is running with Zero Based Compressed Oops mode in which the Java heap is
#     placed in the first 32GB address space. The Java Heap base address is the
#     maximum limit for the native heap growth. Please use -XX:HeapBaseMinAddress
#     to set the Java Heap base and to place the Java Heap above 32GB virtual address.
# This output file may be truncated or incomplete.
#
#  Out of Memory Error (allocation.cpp:272), pid=17160, tid=0x0000000000002110
#
# JRE version: Java(TM) SE Runtime Environment (8.0_241-b07) (build 1.8.0_241-b07)
# Java VM: Java HotSpot(TM) 64-Bit Server VM (25.241-b07 mixed mode windows-amd64 compressed oops)
# Failed to write core dump. Minidumps are not enabled by default on client versions of Windows
#

---------------  T H R E A D  ---------------

Current thread (0x0000000019eb8000):  JavaThread "C2 CompilerThread0" daemon [_thread_in_native, id=8464, stack(0x000000001b510000,0x000000001b610000)]

Stack: [0x000000001b510000,0x000000001b610000]
[error occurred during error reporting (printing stack bounds), id 0xc0000005]

Native frames: (J=compiled Java code, j=interpreted, Vv=VM code, C=native code)


Current CompileTask:
C2:16832448 7444       4       com.fasterxml.jackson.core.json.UTF8StreamJsonParser::nextToken (492 bytes)


---------------  P R O C E S S  ---------------

Java Threads: ( => current thread )
  0x000000001b868800 JavaThread "AsyncResolver-bootstrap-executor-0" daemon [_thread_blocked, id=10568, stack(0x00000000271b0000,0x00000000272b0000)]
  0x000000001b873000 JavaThread "DiscoveryClient-CacheRefreshExecutor-0" daemon [_thread_blocked, id=9016, stack(0x0000000002b10000,0x0000000002c10000)]
  0x000000001b872000 JavaThread "DiscoveryClient-HeartbeatExecutor-0" daemon [_thread_blocked, id=15400, stack(0x0000000001040000,0x0000000001140000)]
  0x000000001b873800 JavaThread "DestroyJavaVM" [_thread_blocked, id=2084, stack(0x0000000002cd0000,0x0000000002dd0000)]
  0x000000001b86f000 JavaThread "http-nio-8761-Acceptor" daemon [_thread_in_native, id=14712, stack(0x0000000027db0000,0x0000000027eb0000)]
  0x000000001b86e800 JavaThread "http-nio-8761-Poller" daemon [_thread_in_native, id=17432, stack(0x0000000027cb0000,0x0000000027db0000)]
  0x000000001b871800 JavaThread "http-nio-8761-exec-10" daemon [_thread_blocked, id=5976, stack(0x0000000027bb0000,0x0000000027cb0000)]
  0x000000001b86c000 JavaThread "http-nio-8761-exec-9" daemon [_thread_blocked, id=7204, stack(0x0000000027ab0000,0x0000000027bb0000)]
  0x000000001b870000 JavaThread "http-nio-8761-exec-8" daemon [_thread_blocked, id=6704, stack(0x00000000279b0000,0x0000000027ab0000)]
  0x000000001b86a000 JavaThread "http-nio-8761-exec-7" daemon [_thread_blocked, id=5872, stack(0x00000000278b0000,0x00000000279b0000)]
  0x000000001b870800 JavaThread "http-nio-8761-exec-6" daemon [_thread_blocked, id=17976, stack(0x00000000277b0000,0x00000000278b0000)]
  0x000000001b867800 JavaThread "http-nio-8761-exec-5" daemon [_thread_blocked, id=8700, stack(0x00000000276b0000,0x00000000277b0000)]
  0x000000001b867000 JavaThread "http-nio-8761-exec-4" daemon [_thread_blocked, id=11932, stack(0x00000000275b0000,0x00000000276b0000)]
  0x000000001b86a800 JavaThread "http-nio-8761-exec-3" daemon [_thread_blocked, id=15768, stack(0x00000000274b0000,0x00000000275b0000)]
  0x000000001b869000 JavaThread "http-nio-8761-exec-2" daemon [_thread_blocked, id=14276, stack(0x00000000273b0000,0x00000000274b0000)]
  0x000000001b86d800 JavaThread "http-nio-8761-exec-1" daemon [_thread_blocked, id=2912, stack(0x00000000272b0000,0x00000000273b0000)]
  0x000000001b86b800 JavaThread "Eureka-CacheFillTimer" daemon [_thread_blocked, id=4528, stack(0x00000000270b0000,0x00000000271b0000)]
  0x0000000020f94000 JavaThread "Eureka-PeerNodesUpdater" daemon [_thread_blocked, id=8448, stack(0x0000000026fb0000,0x00000000270b0000)]
  0x0000000020f8c800 JavaThread "TaskNonBatchingWorker-localhost-0" daemon [_thread_blocked, id=624, stack(0x0000000026eb0000,0x0000000026fb0000)]
  0x0000000020f93800 JavaThread "TaskAcceptor-localhost" daemon [_thread_blocked, id=5512, stack(0x0000000026db0000,0x0000000026eb0000)]
  0x0000000020f8f800 JavaThread "TaskBatchingWorker-target_localhost-19" daemon [_thread_blocked, id=920, stack(0x0000000026cb0000,0x0000000026db0000)]
  0x0000000020f8f000 JavaThread "TaskBatchingWorker-target_localhost-18" daemon [_thread_blocked, id=1500, stack(0x0000000026bb0000,0x0000000026cb0000)]
  0x0000000020f90800 JavaThread "TaskBatchingWorker-target_localhost-17" daemon [_thread_blocked, id=7540, stack(0x0000000026ab0000,0x0000000026bb0000)]
  0x0000000020f92800 JavaThread "TaskBatchingWorker-target_localhost-16" daemon [_thread_blocked, id=972, stack(0x00000000269b0000,0x0000000026ab0000)]
  0x0000000020f92000 JavaThread "TaskBatchingWorker-target_localhost-15" daemon [_thread_blocked, id=6900, stack(0x00000000268b0000,0x00000000269b0000)]
  0x0000000020f91000 JavaThread "TaskBatchingWorker-target_localhost-14" daemon [_thread_blocked, id=16184, stack(0x00000000267b0000,0x00000000268b0000)]
  0x0000000020f8d800 JavaThread "TaskBatchingWorker-target_localhost-13" daemon [_thread_blocked, id=16396, stack(0x00000000266b0000,0x00000000267b0000)]
  0x0000000020f89000 JavaThread "TaskBatchingWorker-target_localhost-12" daemon [_thread_blocked, id=17356, stack(0x00000000265b0000,0x00000000266b0000)]
  0x0000000020f8e000 JavaThread "TaskBatchingWorker-target_localhost-11" daemon [_thread_blocked, id=10264, stack(0x00000000264b0000,0x00000000265b0000)]
  0x0000000020f85000 JavaThread "TaskBatchingWorker-target_localhost-10" daemon [_thread_blocked, id=6492, stack(0x00000000263b0000,0x00000000264b0000)]
  0x0000000020f88000 JavaThread "TaskBatchingWorker-target_localhost-9" daemon [_thread_blocked, id=14408, stack(0x00000000262b0000,0x00000000263b0000)]
  0x0000000020f86800 JavaThread "TaskBatchingWorker-target_localhost-8" daemon [_thread_blocked, id=6240, stack(0x00000000261b0000,0x00000000262b0000)]
  0x0000000020f87800 JavaThread "TaskBatchingWorker-target_localhost-7" daemon [_thread_blocked, id=14604, stack(0x00000000260b0000,0x00000000261b0000)]
  0x0000000020f8c000 JavaThread "TaskBatchingWorker-target_localhost-6" daemon [_thread_blocked, id=11888, stack(0x0000000025fb0000,0x00000000260b0000)]
  0x0000000020f8b000 JavaThread "TaskBatchingWorker-target_localhost-5" daemon [_thread_blocked, id=6708, stack(0x0000000025eb0000,0x0000000025fb0000)]
  0x0000000020f8a800 JavaThread "TaskBatchingWorker-target_localhost-4" daemon [_thread_blocked, id=11592, stack(0x0000000025db0000,0x0000000025eb0000)]
  0x0000000020f86000 JavaThread "TaskBatchingWorker-target_localhost-3" daemon [_thread_blocked, id=7516, stack(0x0000000025cb0000,0x0000000025db0000)]
  0x0000000020f89800 JavaThread "TaskBatchingWorker-target_localhost-2" daemon [_thread_blocked, id=17768, stack(0x0000000025bb0000,0x0000000025cb0000)]
  0x000000001c937800 JavaThread "TaskBatchingWorker-target_localhost-1" daemon [_thread_blocked, id=11916, stack(0x0000000025ab0000,0x0000000025bb0000)]
  0x000000001c937000 JavaThread "TaskBatchingWorker-target_localhost-0" daemon [_thread_blocked, id=11392, stack(0x00000000259b0000,0x0000000025ab0000)]
  0x000000001c934000 JavaThread "StatsMonitor-0" daemon [_thread_blocked, id=1264, stack(0x00000000258b0000,0x00000000259b0000)]
  0x000000001c936000 JavaThread "TaskAcceptor-target_localhost" daemon [_thread_blocked, id=13496, stack(0x00000000257b0000,0x00000000258b0000)]
  0x000000001c935800 JavaThread "Apache-HttpClient-Conn-Cleaner2" daemon [_thread_blocked, id=15264, stack(0x00000000256b0000,0x00000000257b0000)]
  0x000000001c939000 JavaThread "Eureka-MeasureRateTimer" daemon [_thread_blocked, id=2440, stack(0x00000000255b0000,0x00000000256b0000)]
  0x000000001c933000 JavaThread "ReplicaAwareInstanceRegistry - RenewalThresholdUpdater" daemon [_thread_blocked, id=6476, stack(0x00000000254b0000,0x00000000255b0000)]
  0x000000001c934800 JavaThread "Eureka-MeasureRateTimer" daemon [_thread_blocked, id=9360, stack(0x00000000253b0000,0x00000000254b0000)]
  0x000000001c938800 JavaThread "Eureka-EvictionTimer" daemon [_thread_blocked, id=18412, stack(0x00000000252b0000,0x00000000253b0000)]
  0x0000000022789000 JavaThread "Eureka-DeltaRetentionTimer" daemon [_thread_blocked, id=17340, stack(0x00000000251b0000,0x00000000252b0000)]
  0x0000000020ee7000 JavaThread "DiscoveryClient-InstanceInfoReplicator-0" daemon [_thread_blocked, id=6960, stack(0x0000000024db0000,0x0000000024eb0000)]
  0x0000000020ee6800 JavaThread "DiscoveryClient-1" daemon [_thread_blocked, id=5408, stack(0x00000000249c0000,0x0000000024ac0000)]
  0x000000001ff2a800 JavaThread "DiscoveryClient-0" daemon [_thread_blocked, id=17280, stack(0x0000000000f40000,0x0000000001040000)]
  0x000000001ff29800 JavaThread "AsyncResolver-bootstrap-0" daemon [_thread_blocked, id=1340, stack(0x00000000243d0000,0x00000000244d0000)]
  0x000000001c214800 JavaThread "Apache-HttpClient-Conn-Cleaner2" daemon [_thread_blocked, id=8832, stack(0x00000000242d0000,0x00000000243d0000)]
  0x000000001f618000 JavaThread "File Watcher" daemon [_thread_blocked, id=17412, stack(0x00000000248c0000,0x00000000249c0000)]
  0x000000001fee6800 JavaThread "spring.cloud.inetutils" daemon [_thread_blocked, id=13084, stack(0x00000000241d0000,0x00000000242d0000)]
  0x000000001ca81000 JavaThread "container-0" [_thread_blocked, id=6480, stack(0x0000000021c10000,0x0000000021d10000)]
  0x0000000020e3d000 JavaThread "Catalina-utility-2" [_thread_blocked, id=12552, stack(0x000000001e560000,0x000000001e660000)]
  0x000000001e7df800 JavaThread "Catalina-utility-1" [_thread_blocked, id=10528, stack(0x000000001dd20000,0x000000001de20000)]
  0x000000001b61c800 JavaThread "Service Thread" daemon [_thread_blocked, id=2532, stack(0x000000001bc10000,0x000000001bd10000)]
  0x000000001b619000 JavaThread "C1 CompilerThread2" daemon [_thread_blocked, id=464, stack(0x000000001bb10000,0x000000001bc10000)]
  0x0000000019f08000 JavaThread "C2 CompilerThread1" daemon [_thread_blocked, id=17468, stack(0x000000001ba10000,0x000000001bb10000)]
=>0x0000000019eb8000 JavaThread "C2 CompilerThread0" daemon [_thread_in_native, id=8464, stack(0x000000001b510000,0x000000001b610000)]
  0x0000000019eb4800 JavaThread "Attach Listener" daemon [_thread_blocked, id=14396, stack(0x000000001b410000,0x000000001b510000)]
  0x0000000019eb3000 JavaThread "Signal Dispatcher" daemon [_thread_blocked, id=16332, stack(0x000000001b310000,0x000000001b410000)]
  0x0000000019e9f000 JavaThread "Finalizer" daemon [_thread_blocked, id=3300, stack(0x000000001b110000,0x000000001b210000)]
  0x0000000002ec7000 JavaThread "Reference Handler" daemon [_thread_blocked, id=996, stack(0x000000001b010000,0x000000001b110000)]

Other Threads:
  0x0000000019e77800 VMThread [stack: 0x000000001af10000,0x000000001b010000] [id=9844]
  0x000000001b686000 WatcherThread [stack: 0x000000001bd10000,0x000000001be10000] [id=4472]

VM state:not at safepoint (normal execution)

VM Mutex/Monitor currently owned by a thread: None

heap address: 0x0000000702c00000, size: 3028 MB, Compressed Oops mode: Zero based, Oop shift amount: 3
Narrow klass base: 0x0000000000000000, Narrow klass shift: 3
Compressed class space size: 1073741824 Address: 0x00000007c0000000

Heap:
 PSYoungGen      total 303616K, used 83278K [0x0000000780f00000, 0x0000000799d00000, 0x00000007c0000000)
  eden space 286208K, 29% used [0x0000000780f00000,0x0000000786053810,0x0000000792680000)
  from space 17408K, 0% used [0x0000000792680000,0x0000000792680000,0x0000000793780000)
  to   space 20992K, 0% used [0x0000000798880000,0x0000000798880000,0x0000000799d00000)
 ParOldGen       total 149504K, used 33781K [0x0000000702c00000, 0x000000070be00000, 0x0000000780f00000)
  object space 149504K, 22% used [0x0000000702c00000,0x0000000704cfd7c8,0x000000070be00000)
 Metaspace       used 57161K, capacity 60436K, committed 60584K, reserved 1101824K
  class space    used 7764K, capacity 8320K, committed 8360K, reserved 1048576K

Card table byte_map: [0x0000000012290000,0x0000000012880000] byte_map_base: 0x000000000ea7a000

Marking Bits: (ParMarkBitMap*) 0x000000005777be30
 Begin Bits: [0x0000000013080000, 0x0000000015fd0000)
 End Bits:   [0x0000000015fd0000, 0x0000000018f20000)

Polling page: 0x00000000011a0000

CodeCache: size=245760Kb used=21361Kb max_used=21417Kb free=224398Kb
 bounds [0x0000000002ed0000, 0x00000000043e0000, 0x0000000011ed0000]
 total_blobs=6820 nmethods=6302 adapters=430
 compilation: enabled

Compilation events (10 events):
Event: 16825.073 Thread 0x000000001b619000 nmethod 7439 0x0000000003bc68d0 code [0x0000000003bc6a40, 0x0000000003bc6d50]
Event: 16825.076 Thread 0x000000001b619000 7440       3       org.apache.http.impl.conn.tsccm.RouteSpecificPool::getCapacity (19 bytes)
Event: 16825.077 Thread 0x000000001b619000 nmethod 7440 0x00000000043d0bd0 code [0x00000000043d0d80, 0x00000000043d1288]
Event: 16830.266 Thread 0x000000001b619000 7441       3       com.netflix.discovery.DiscoveryClient::getApplications (11 bytes)
Event: 16830.267 Thread 0x000000001b619000 nmethod 7441 0x00000000043d0690 code [0x00000000043d0800, 0x00000000043d0af0]
Event: 16832.420 Thread 0x000000001b619000 7442       3       java.util.regex.Pattern$Dollar::match (209 bytes)
Event: 16832.421 Thread 0x0000000019eb8000 7444       4       com.fasterxml.jackson.core.json.UTF8StreamJsonParser::nextToken (492 bytes)
Event: 16832.421 Thread 0x000000001b619000 nmethod 7442 0x0000000003667490 code [0x00000000036676a0, 0x0000000003668398]
Event: 16832.422 Thread 0x000000001b619000 7443   !   3       java.util.concurrent.LinkedBlockingQueue::take (93 bytes)
Event: 16832.425 Thread 0x000000001b619000 nmethod 7443 0x0000000003664d10 code [0x0000000003665000, 0x00000000036666b8]

GC Heap History (10 events):
Event: 14.668 GC heap before
{Heap before GC invocations=8 (full 1):
 PSYoungGen      total 179712K, used 149915K [0x0000000780f00000, 0x000000078e100000, 0x00000007c0000000)
  eden space 170496K, 82% used [0x0000000780f00000,0x000000078986b3a0,0x000000078b580000)
  from space 9216K, 99% used [0x000000078d800000,0x000000078e0fb868,0x000000078e100000)
  to   space 10752K, 0% used [0x000000078cc00000,0x000000078cc00000,0x000000078d680000)
 ParOldGen       total 68096K, used 7728K [0x0000000702c00000, 0x0000000706e80000, 0x0000000780f00000)
  object space 68096K, 11% used [0x0000000702c00000,0x000000070338c2c8,0x0000000706e80000)
 Metaspace       used 33460K, capacity 35412K, committed 35496K, reserved 1079296K
  class space    used 4383K, capacity 4754K, committed 4776K, reserved 1048576K
Event: 14.714 GC heap after
Heap after GC invocations=8 (full 1):
 PSYoungGen      total 204288K, used 10749K [0x0000000780f00000, 0x0000000794580000, 0x00000007c0000000)
  eden space 193536K, 0% used [0x0000000780f00000,0x0000000780f00000,0x000000078cc00000)
  from space 10752K, 99% used [0x000000078cc00000,0x000000078d67f700,0x000000078d680000)
  to   space 14336K, 0% used [0x0000000793780000,0x0000000793780000,0x0000000794580000)
 ParOldGen       total 68096K, used 13456K [0x0000000702c00000, 0x0000000706e80000, 0x0000000780f00000)
  object space 68096K, 19% used [0x0000000702c00000,0x00000007039241e8,0x0000000706e80000)
 Metaspace       used 33460K, capacity 35412K, committed 35496K, reserved 1079296K
  class space    used 4383K, capacity 4754K, committed 4776K, reserved 1048576K
}
Event: 14.714 GC heap before
{Heap before GC invocations=9 (full 2):
 PSYoungGen      total 204288K, used 10749K [0x0000000780f00000, 0x0000000794580000, 0x00000007c0000000)
  eden space 193536K, 0% used [0x0000000780f00000,0x0000000780f00000,0x000000078cc00000)
  from space 10752K, 99% used [0x000000078cc00000,0x000000078d67f700,0x000000078d680000)
  to   space 14336K, 0% used [0x0000000793780000,0x0000000793780000,0x0000000794580000)
 ParOldGen       total 68096K, used 13456K [0x0000000702c00000, 0x0000000706e80000, 0x0000000780f00000)
  object space 68096K, 19% used [0x0000000702c00000,0x00000007039241e8,0x0000000706e80000)
 Metaspace       used 33460K, capacity 35412K, committed 35496K, reserved 1079296K
  class space    used 4383K, capacity 4754K, committed 4776K, reserved 1048576K
Event: 14.900 GC heap after
Heap after GC invocations=9 (full 2):
 PSYoungGen      total 204288K, used 0K [0x0000000780f00000, 0x0000000794580000, 0x00000007c0000000)
  eden space 193536K, 0% used [0x0000000780f00000,0x0000000780f00000,0x000000078cc00000)
  from space 10752K, 0% used [0x000000078cc00000,0x000000078cc00000,0x000000078d680000)
  to   space 14336K, 0% used [0x0000000793780000,0x0000000793780000,0x0000000794580000)
 ParOldGen       total 110592K, used 20489K [0x0000000702c00000, 0x0000000709800000, 0x0000000780f00000)
  object space 110592K, 18% used [0x0000000702c00000,0x00000007040025c8,0x0000000709800000)
 Metaspace       used 33460K, capacity 35412K, committed 35496K, reserved 1079296K
  class space    used 4383K, capacity 4754K, committed 4776K, reserved 1048576K
}
Event: 22.203 GC heap before
{Heap before GC invocations=10 (full 2):
 PSYoungGen      total 204288K, used 193536K [0x0000000780f00000, 0x0000000794580000, 0x00000007c0000000)
  eden space 193536K, 100% used [0x0000000780f00000,0x000000078cc00000,0x000000078cc00000)
  from space 10752K, 0% used [0x000000078cc00000,0x000000078cc00000,0x000000078d680000)
  to   space 14336K, 0% used [0x0000000793780000,0x0000000793780000,0x0000000794580000)
 ParOldGen       total 110592K, used 20489K [0x0000000702c00000, 0x0000000709800000, 0x0000000780f00000)
  object space 110592K, 18% used [0x0000000702c00000,0x00000007040025c8,0x0000000709800000)
 Metaspace       used 44315K, capacity 46766K, committed 46888K, reserved 1089536K
  class space    used 6128K, capacity 6596K, committed 6696K, reserved 1048576K
Event: 22.259 GC heap after
Heap after GC invocations=10 (full 2):
 PSYoungGen      total 300544K, used 14328K [0x0000000780f00000, 0x0000000795200000, 0x00000007c0000000)
  eden space 286208K, 0% used [0x0000000780f00000,0x0000000780f00000,0x0000000792680000)
  from space 14336K, 99% used [0x0000000793780000,0x000000079457e0b8,0x0000000794580000)
  to   space 17408K, 0% used [0x0000000792680000,0x0000000792680000,0x0000000793780000)
 ParOldGen       total 110592K, used 23333K [0x0000000702c00000, 0x0000000709800000, 0x0000000780f00000)
  object space 110592K, 21% used [0x0000000702c00000,0x00000007042c9470,0x0000000709800000)
 Metaspace       used 44315K, capacity 46766K, committed 46888K, reserved 1089536K
  class space    used 6128K, capacity 6596K, committed 6696K, reserved 1048576K
}
Event: 63.362 GC heap before
{Heap before GC invocations=11 (full 2):
 PSYoungGen      total 300544K, used 233170K [0x0000000780f00000, 0x0000000795200000, 0x00000007c0000000)
  eden space 286208K, 76% used [0x0000000780f00000,0x000000078e4b67f8,0x0000000792680000)
  from space 14336K, 99% used [0x0000000793780000,0x000000079457e0b8,0x0000000794580000)
  to   space 17408K, 0% used [0x0000000792680000,0x0000000792680000,0x0000000793780000)
 ParOldGen       total 110592K, used 23333K [0x0000000702c00000, 0x0000000709800000, 0x0000000780f00000)
  object space 110592K, 21% used [0x0000000702c00000,0x00000007042c9470,0x0000000709800000)
 Metaspace       used 55948K, capacity 59052K, committed 59160K, reserved 1099776K
  class space    used 7736K, capacity 8282K, committed 8360K, reserved 1048576K
Event: 63.423 GC heap after
Heap after GC invocations=11 (full 2):
 PSYoungGen      total 303616K, used 17403K [0x0000000780f00000, 0x0000000799d00000, 0x00000007c0000000)
  eden space 286208K, 0% used [0x0000000780f00000,0x0000000780f00000,0x0000000792680000)
  from space 17408K, 99% used [0x0000000792680000,0x000000079377ef80,0x0000000793780000)
  to   space 20992K, 0% used [0x0000000798880000,0x0000000798880000,0x0000000799d00000)
 ParOldGen       total 110592K, used 27168K [0x0000000702c00000, 0x0000000709800000, 0x0000000780f00000)
  object space 110592K, 24% used [0x0000000702c00000,0x00000007046881b8,0x0000000709800000)
 Metaspace       used 55948K, capacity 59052K, committed 59160K, reserved 1099776K
  class space    used 7736K, capacity 8282K, committed 8360K, reserved 1048576K
}
Event: 63.423 GC heap before
{Heap before GC invocations=12 (full 3):
 PSYoungGen      total 303616K, used 17403K [0x0000000780f00000, 0x0000000799d00000, 0x00000007c0000000)
  eden space 286208K, 0% used [0x0000000780f00000,0x0000000780f00000,0x0000000792680000)
  from space 17408K, 99% used [0x0000000792680000,0x000000079377ef80,0x0000000793780000)
  to   space 20992K, 0% used [0x0000000798880000,0x0000000798880000,0x0000000799d00000)
 ParOldGen       total 110592K, used 27168K [0x0000000702c00000, 0x0000000709800000, 0x0000000780f00000)
  object space 110592K, 24% used [0x0000000702c00000,0x00000007046881b8,0x0000000709800000)
 Metaspace       used 55948K, capacity 59052K, committed 59160K, reserved 1099776K
  class space    used 7736K, capacity 8282K, committed 8360K, reserved 1048576K
Event: 63.712 GC heap after
Heap after GC invocations=12 (full 3):
 PSYoungGen      total 303616K, used 0K [0x0000000780f00000, 0x0000000799d00000, 0x00000007c0000000)
  eden space 286208K, 0% used [0x0000000780f00000,0x0000000780f00000,0x0000000792680000)
  from space 17408K, 0% used [0x0000000792680000,0x0000000792680000,0x0000000793780000)
  to   space 20992K, 0% used [0x0000000798880000,0x0000000798880000,0x0000000799d00000)
 ParOldGen       total 149504K, used 33781K [0x0000000702c00000, 0x000000070be00000, 0x0000000780f00000)
  object space 149504K, 22% used [0x0000000702c00000,0x0000000704cfd7c8,0x000000070be00000)
 Metaspace       used 55948K, capacity 59052K, committed 59160K, reserved 1099776K
  class space    used 7736K, capacity 8282K, committed 8360K, reserved 1048576K
}

Deoptimization events (10 events):
Event: 35.155 Thread 0x000000001b867800 Uncommon trap: reason=unstable_if action=reinterpret pc=0x0000000003979458 method=java.nio.Buffer.position(I)Ljava/nio/Buffer; @ 33
Event: 35.631 Thread 0x000000001c937000 Uncommon trap: reason=class_check action=maybe_recompile pc=0x0000000003f225ec method=java.util.concurrent.ConcurrentHashMap.putVal(Ljava/lang/Object;Ljava/lang/Object;Z)Ljava/lang/Object; @ 192
Event: 35.823 Thread 0x000000001c4f7000 Uncommon trap: reason=unstable_if action=reinterpret pc=0x0000000003234c90 method=org.springframework.boot.autoconfigure.condition.ConditionEvaluationReport.lambda$addNoMatchOutcomeToAncestors$1(Ljava/lang/String;Ljava/lang/String;Ljava/lang/String;Lorg/s
Event: 35.850 Thread 0x000000001c4f7000 Uncommon trap: reason=unstable_if action=reinterpret pc=0x0000000003852cc4 method=org.springframework.boot.autoconfigure.condition.ConditionEvaluationReport.lambda$addNoMatchOutcomeToAncestors$1(Ljava/lang/String;Ljava/lang/String;Ljava/lang/String;Lorg/s
Event: 35.886 Thread 0x000000001c4f7000 Uncommon trap: reason=unstable_if action=reinterpret pc=0x000000000328eb98 method=org.springframework.util.ConcurrentReferenceHashMap$Segment.clear()V @ 7
Event: 63.712 Thread 0x0000000002ec7000 Uncommon trap: reason=unstable_if action=reinterpret pc=0x000000000349ab30 method=java.lang.ref.Reference.tryHandlePending(Z)Z @ 20
Event: 16163.352 Thread 0x0000000020e3d000 Uncommon trap: reason=unstable_if action=reinterpret pc=0x0000000004290138 method=java.util.concurrent.locks.AbstractQueuedSynchronizer.acquire(I)V @ 5
Event: 16178.349 Thread 0x000000001e7df800 Uncommon trap: reason=unstable_if action=reinterpret pc=0x0000000003b85270 method=java.util.concurrent.locks.AbstractQueuedSynchronizer$ConditionObject.awaitNanos(J)J @ 73
Event: 16255.359 Thread 0x0000000020e3d000 Uncommon trap: reason=unstable_if action=reinterpret pc=0x0000000004298488 method=java.util.concurrent.ScheduledThreadPoolExecutor$ScheduledFutureTask.compareTo(Ljava/util/concurrent/Delayed;)I @ 40
Event: 16312.358 Thread 0x0000000020e3d000 Uncommon trap: reason=unstable_if action=reinterpret pc=0x00000000042a4b3c method=java.util.concurrent.ScheduledThreadPoolExecutor$ScheduledFutureTask.compareTo(Ljava/util/concurrent/Delayed;)I @ 40

Classes redefined (0 events):
No events

Internal exceptions (10 events):
Event: 16771.835 Thread 0x000000001b873000 Exception <a 'java/net/SocketTimeoutException': Read timed out> (0x0000000785480710) thrown at [C:\ade\jenkins\workspace\8-2-build-windows-amd64-cygwin\jdk8u241\331\hotspot\src\share\vm\prims\jni.cpp, line 736]
Event: 16772.422 Thread 0x0000000020f8d800 Exception <a 'java/net/SocketTimeoutException': Read timed out> (0x000000078184bab0) thrown at [C:\ade\jenkins\workspace\8-2-build-windows-amd64-cygwin\jdk8u241\331\hotspot\src\share\vm\prims\jni.cpp, line 736]
Event: 16795.035 Thread 0x000000001c937800 Exception <a 'java/net/SocketTimeoutException': Read timed out> (0x000000078173c4d8) thrown at [C:\ade\jenkins\workspace\8-2-build-windows-amd64-cygwin\jdk8u241\331\hotspot\src\share\vm\prims\jni.cpp, line 736]
Event: 16801.867 Thread 0x000000001b872000 Exception <a 'java/net/SocketTimeoutException': Read timed out> (0x00000007858a4848) thrown at [C:\ade\jenkins\workspace\8-2-build-windows-amd64-cygwin\jdk8u241\331\hotspot\src\share\vm\prims\jni.cpp, line 736]
Event: 16801.867 Thread 0x000000001b873000 Exception <a 'java/net/SocketTimeoutException': Read timed out> (0x0000000785e73808) thrown at [C:\ade\jenkins\workspace\8-2-build-windows-amd64-cygwin\jdk8u241\331\hotspot\src\share\vm\prims\jni.cpp, line 736]
Event: 16802.397 Thread 0x0000000020f92800 Exception <a 'java/net/SocketTimeoutException': Read timed out> (0x0000000781f81498) thrown at [C:\ade\jenkins\workspace\8-2-build-windows-amd64-cygwin\jdk8u241\331\hotspot\src\share\vm\prims\jni.cpp, line 736]
Event: 16825.063 Thread 0x0000000020f8a800 Exception <a 'java/net/SocketTimeoutException': Read timed out> (0x0000000781b48170) thrown at [C:\ade\jenkins\workspace\8-2-build-windows-amd64-cygwin\jdk8u241\331\hotspot\src\share\vm\prims\jni.cpp, line 736]
Event: 16831.889 Thread 0x000000001b873000 Exception <a 'java/net/SocketTimeoutException': Read timed out> (0x0000000785e7d1a0) thrown at [C:\ade\jenkins\workspace\8-2-build-windows-amd64-cygwin\jdk8u241\331\hotspot\src\share\vm\prims\jni.cpp, line 736]
Event: 16831.889 Thread 0x000000001b872000 Exception <a 'java/net/SocketTimeoutException': Read timed out> (0x00000007858af688) thrown at [C:\ade\jenkins\workspace\8-2-build-windows-amd64-cygwin\jdk8u241\331\hotspot\src\share\vm\prims\jni.cpp, line 736]
Event: 16832.418 Thread 0x0000000020f86000 Exception <a 'java/net/SocketTimeoutException': Read timed out> (0x000000078161b600) thrown at [C:\ade\jenkins\workspace\8-2-build-windows-amd64-cygwin\jdk8u241\331\hotspot\src\share\vm\prims\jni.cpp, line 736]

Events (10 events):
Event: 16501.602 Thread 0x000000001b619000 flushing nmethod 0x000000000408f090
Event: 16501.603 Thread 0x000000001b619000 flushing nmethod 0x000000000408f4d0
Event: 16501.603 Thread 0x000000001b619000 flushing nmethod 0x000000000408f890
Event: 16801.871 Thread 0x000000001b619000 flushing nmethod 0x00000000033c4950
Event: 16801.874 Thread 0x0000000019eb8000 flushing nmethod 0x0000000003420f90
Event: 16802.403 Thread 0x000000001b619000 flushing nmethod 0x0000000003664b90
Event: 16825.068 Thread 0x000000001b619000 flushing nmethod 0x0000000003a42ed0
Event: 16825.070 Thread 0x000000001b619000 flushing nmethod 0x0000000003b45fd0
Event: 16825.071 Thread 0x000000001b619000 flushing nmethod 0x0000000003bc66d0
Event: 16832.425 Thread 0x000000001b619000 flushing nmethod 0x000000000428f650


Dynamic libraries:
0x00007ff6f79c0000 - 0x00007ff6f79f7000 	C:\Program Files\Java\jre1.8.0_241\bin\javaw.exe
0x00007ffaabe30000 - 0x00007ffaac025000 	C:\WINDOWS\SYSTEM32\ntdll.dll
0x00007ffaaa410000 - 0x00007ffaaa4cd000 	C:\WINDOWS\System32\KERNEL32.DLL
0x00007ffaa9960000 - 0x00007ffaa9c28000 	C:\WINDOWS\System32\KERNELBASE.dll
0x00007ffaab450000 - 0x00007ffaab4fc000 	C:\WINDOWS\System32\ADVAPI32.dll
0x00007ffaab3b0000 - 0x00007ffaab44e000 	C:\WINDOWS\System32\msvcrt.dll
0x00007ffaab900000 - 0x00007ffaab99b000 	C:\WINDOWS\System32\sechost.dll
0x00007ffaab7d0000 - 0x00007ffaab8fb000 	C:\WINDOWS\System32\RPCRT4.dll
0x00007ffaab510000 - 0x00007ffaab6b0000 	C:\WINDOWS\System32\USER32.dll
0x00007ffaa9930000 - 0x00007ffaa9952000 	C:\WINDOWS\System32\win32u.dll
0x00007ffaaba40000 - 0x00007ffaaba6a000 	C:\WINDOWS\System32\GDI32.dll
0x00007ffaa9680000 - 0x00007ffaa978b000 	C:\WINDOWS\System32\gdi32full.dll
0x00007ffaa9790000 - 0x00007ffaa982d000 	C:\WINDOWS\System32\msvcp_win.dll
0x00007ffaa9830000 - 0x00007ffaa9930000 	C:\WINDOWS\System32\ucrtbase.dll
0x00007ffa98e40000 - 0x00007ffa990da000 	C:\WINDOWS\WinSxS\amd64_microsoft.windows.common-controls_6595b64144ccf1df_6.0.19041.844_none_ca00b6081b84eb1d\COMCTL32.dll
0x00007ffaa9e90000 - 0x00007ffaa9ec0000 	C:\WINDOWS\System32\IMM32.DLL
0x0000000056e70000 - 0x0000000056f42000 	C:\Program Files\Java\jre1.8.0_241\bin\msvcr100.dll
0x0000000056f50000 - 0x00000000577fc000 	C:\Program Files\Java\jre1.8.0_241\bin\server\jvm.dll
0x00007ffaab500000 - 0x00007ffaab508000 	C:\WINDOWS\System32\PSAPI.DLL
0x00007ffa9acb0000 - 0x00007ffa9acd7000 	C:\WINDOWS\SYSTEM32\WINMM.dll
0x00007ffa943e0000 - 0x00007ffa943e9000 	C:\WINDOWS\SYSTEM32\WSOCK32.dll
0x00007ffaab9b0000 - 0x00007ffaaba1b000 	C:\WINDOWS\System32\WS2_32.dll
0x00007ffa9a830000 - 0x00007ffa9a83a000 	C:\WINDOWS\SYSTEM32\VERSION.dll
0x00007ffaa43d0000 - 0x00007ffaa43df000 	C:\Program Files\Java\jre1.8.0_241\bin\verify.dll
0x00007ffa98d60000 - 0x00007ffa98d89000 	C:\Program Files\Java\jre1.8.0_241\bin\java.dll
0x00007ffa93210000 - 0x00007ffa93226000 	C:\Program Files\Java\jre1.8.0_241\bin\zip.dll
0x00007ffaaa740000 - 0x00007ffaaae82000 	C:\WINDOWS\System32\SHELL32.dll
0x00007ffaa76c0000 - 0x00007ffaa7e50000 	C:\WINDOWS\SYSTEM32\windows.storage.dll
0x00007ffaaaff0000 - 0x00007ffaab345000 	C:\WINDOWS\System32\combase.dll
0x00007ffaa8f70000 - 0x00007ffaa8f9c000 	C:\WINDOWS\SYSTEM32\Wldp.dll
0x00007ffaaaf40000 - 0x00007ffaaafee000 	C:\WINDOWS\System32\SHCORE.dll
0x00007ffaabb50000 - 0x00007ffaabba5000 	C:\WINDOWS\System32\shlwapi.dll
0x00007ffaa94b0000 - 0x00007ffaa94cf000 	C:\WINDOWS\SYSTEM32\profapi.dll
0x00007ffa90120000 - 0x00007ffa9013a000 	C:\Program Files\Java\jre1.8.0_241\bin\net.dll
0x00007ffaa8ce0000 - 0x00007ffaa8d4a000 	C:\WINDOWS\system32\mswsock.dll
0x00007ffaa89d0000 - 0x00007ffaa8a0b000 	C:\WINDOWS\SYSTEM32\IPHLPAPI.DLL
0x00007ffaab9a0000 - 0x00007ffaab9a8000 	C:\WINDOWS\System32\NSI.dll
0x00007ffa9a5e0000 - 0x00007ffa9a5f7000 	C:\WINDOWS\SYSTEM32\dhcpcsvc6.DLL
0x00007ffa9ab20000 - 0x00007ffa9ab3d000 	C:\WINDOWS\SYSTEM32\dhcpcsvc.DLL
0x00007ffaa8a10000 - 0x00007ffaa8adc000 	C:\WINDOWS\SYSTEM32\DNSAPI.dll
0x00007ffa958b0000 - 0x00007ffa958ba000 	C:\Windows\System32\rasadhlp.dll
0x00007ffa97360000 - 0x00007ffa973df000 	C:\WINDOWS\System32\fwpuclnt.dll
0x00007ffaa9e60000 - 0x00007ffaa9e87000 	C:\WINDOWS\System32\bcrypt.dll
0x00007ffaa5440000 - 0x00007ffaa544d000 	C:\Program Files\Java\jre1.8.0_241\bin\management.dll
0x00007ffa89660000 - 0x00007ffa89677000 	C:\WINDOWS\system32\napinsp.dll
0x00007ffa89700000 - 0x00007ffa8971b000 	C:\WINDOWS\system32\pnrpnsp.dll
0x00007ffaa3b70000 - 0x00007ffaa3b85000 	C:\WINDOWS\system32\wshbth.dll
0x00007ffaa40d0000 - 0x00007ffaa40ed000 	C:\WINDOWS\system32\NLAapi.dll
0x00007ffa896e0000 - 0x00007ffa896f2000 	C:\WINDOWS\System32\winrnr.dll
0x00007ffa7f680000 - 0x00007ffa7f692000 	C:\Program Files\Java\jre1.8.0_241\bin\nio.dll
0x00007ffaa8eb0000 - 0x00007ffaa8ec8000 	C:\WINDOWS\SYSTEM32\CRYPTSP.dll
0x00007ffaa8620000 - 0x00007ffaa8654000 	C:\WINDOWS\system32\rsaenh.dll
0x00007ffaa9470000 - 0x00007ffaa949e000 	C:\WINDOWS\SYSTEM32\USERENV.dll
0x00007ffaa9c30000 - 0x00007ffaa9cb0000 	C:\WINDOWS\System32\bcryptprimitives.dll
0x00007ffaa8ed0000 - 0x00007ffaa8edc000 	C:\WINDOWS\SYSTEM32\CRYPTBASE.dll
0x00007ffa78d00000 - 0x00007ffa78d24000 	C:\Program Files\Java\jre1.8.0_241\bin\sunec.dll

VM Arguments:
jvm_args: -Dfile.encoding=UTF-8 
java_command: com.simha.microservices.namingserver.NamingServerApplication
java_class_path (initial): C:\Program Files\Java\jre1.8.0_241\lib\resources.jar;C:\Program Files\Java\jre1.8.0_241\lib\rt.jar;C:\Program Files\Java\jre1.8.0_241\lib\jsse.jar;C:\Program Files\Java\jre1.8.0_241\lib\jce.jar;C:\Program Files\Java\jre1.8.0_241\lib\charsets.jar;C:\Program Files\Java\jre1.8.0_241\lib\jfr.jar;C:\Program Files\Java\jre1.8.0_241\lib\ext\access-bridge-64.jar;C:\Program Files\Java\jre1.8.0_241\lib\ext\cldrdata.jar;C:\Program Files\Java\jre1.8.0_241\lib\ext\dnsns.jar;C:\Program Files\Java\jre1.8.0_241\lib\ext\jaccess.jar;C:\Program Files\Java\jre1.8.0_241\lib\ext\jfxrt.jar;C:\Program Files\Java\jre1.8.0_241\lib\ext\localedata.jar;C:\Program Files\Java\jre1.8.0_241\lib\ext\nashorn.jar;C:\Program Files\Java\jre1.8.0_241\lib\ext\sunec.jar;C:\Program Files\Java\jre1.8.0_241\lib\ext\sunjce_provider.jar;C:\Program Files\Java\jre1.8.0_241\lib\ext\sunmscapi.jar;C:\Program Files\Java\jre1.8.0_241\lib\ext\sunpkcs11.jar;C:\Program Files\Java\jre1.8.0_241\lib\ext\zipfs.jar;C:\Users\Simhachalam\Documents\microservices\naming-server\target\classes;C:\Users\Simhachalam\.m2\repository\org\springframework\boot\spring-boot-starter-actuator\2.5.3\spring-boot-starter-actuator-2.5.3.jar;C:\Users\Simhachalam\.m2\repository\org\springframework\boot\spring-boot-starter\2.5.3\spring-boot-starter-2.5.3.jar;C:\Users\Simhachalam\.m2\repository\org\springframework\boot\spring-boot-starter-logging\2.5.3\spring-boot-starter-logging-2.5.3.jar;C:\Users\Simhachalam\.m2\repository\ch\qos\logback\logback-classic\1.2.4\logback-classic-1.2.4.jar;C:\Users\Simhachalam\.m2\repository\ch\qos\logback\logback-core\1.2.4\logback-core-1.2.4.jar;C:\Users\Simhachalam\.m2\repository\org\apache\logging\log4j\log4j-to-slf4j\2.14.1\log4j-to-slf4j-2.14.1.jar;C:\Users\Simhachalam\.m2\repository\org\apache\logging\log4j\log4j-api\2.14.1\log4j-api-2.14.1.jar;C:\Users\Simhachalam\.m2\repository\org\slf4j\jul-to-slf4j\1.7.32\jul-to-slf4j-1.7.32.jar;C:\Users\Simhachalam\.m2\repository\jakarta\annotati
Launcher Type: SUN_STANDARD

Environment Variables:
JAVA_HOME=C:\Program Files\Java\jdk1.8.0_241\
PATH=C:/Program Files/Java/jre1.8.0_241/bin/server;C:/Program Files/Java/jre1.8.0_241/bin;C:/Program Files/Java/jre1.8.0_241/lib/amd64;C:\app\Simhachalam\product\18.0.0\dbhomeXE\bin;C:\Program Files (x86)\Common Files\Oracle\Java\javapath;C:\WINDOWS\system32;C:\WINDOWS;C:\WINDOWS\System32\Wbem;C:\WINDOWS\System32\WindowsPowerShell\v1.0\;C:\WINDOWS\System32\OpenSSH\;C:\Program Files\nodejs\;C:\Program Files\MySQL\MySQL Shell 8.0\bin\;C:\Users\Simhachalam\Documents\Python_390\Scripts\;C:\Users\Simhachalam\Documents\Python_390\;C:\Program Files\Java\jdk1.8.0_241\bin;C:\Users\Simhachalam\AppData\Local\Programs\Microsoft VS Code\bin;C:\Program Files\Salesforce CLI\bin;C:\Users\Simhachalam\Documents\Software\apache-maven-3.8.1-bin\apache-maven-3.8.1\bin;;C:\Users\Simhachalam\AppData\Local\Microsoft\WindowsApps;C:\Users\Simhachalam\AppData\Roaming\npm;C:\Users\Simhachalam\Downloads\eclipse-java-oxygen-3a-win32-x86_64\eclipse;
USERNAME=Simhachalam
OS=Windows_NT
PROCESSOR_IDENTIFIER=Intel64 Family 6 Model 78 Stepping 3, GenuineIntel



---------------  S Y S T E M  ---------------

OS: Windows 10.0 , 64 bit Build 19041 (10.0.19041.928)

CPU:total 4 (initial active 4) (2 cores per cpu, 2 threads per core) family 6 model 78 stepping 3, cmov, cx8, fxsr, mmx, sse, sse2, sse3, ssse3, sse4.1, sse4.2, popcnt, avx, avx2, aes, clmul, erms, 3dnowpref, lzcnt, ht, tsc, tscinvbit, bmi1, bmi2, adx

Memory: 4k page, physical 12396924k(3520756k free), swap 16591228k(780k free)

vm_info: Java HotSpot(TM) 64-Bit Server VM (25.241-b07) for windows-amd64 JRE (1.8.0_241-b07), built on Dec 11 2019 10:21:40 by "rejava" with MS VC++ 10.0 (VS2010)

time: Thu Aug 05 21:07:14 2021
timezone: India Standard Time
elapsed time: 16832 seconds (0d 4h 40m 32s)

